<?xml version="1.0" encoding="UTF-8"?>
<!-- Generated by org.testng.reporters.JUnitReportReporter -->
<testsuite hostname="LAPTOP-4R2OF2PC" failures="0" tests="5" name="testscript.LogInFunctionalTest" time="4.848" errors="0" timestamp="2024-05-19T15:54:42 IST" skipped="0">
  <testcase classname="testscript.LogInFunctionalTest" name="logInFunctionalTest" time="0.785"/>
  <testcase classname="testscript.LogInFunctionalTest" name="logInFunctionalTest" time="0.989"/>
  <testcase classname="testscript.LogInFunctionalTest" name="logInFunctionalTest" time="1.222"/>
  <testcase classname="testscript.LogInFunctionalTest" name="logInFunctionalTest" time="0.835"/>
  <testcase classname="testscript.LogInFunctionalTest" name="logInFunctionalTest" time="1.017"/>
  <system-out>
    <![CDATA[Browser opened Successfully
Login Successfully
Logout Successfully
Login Successfully
Logout Successfully
Login Successfully
Logout Successfully
Login Successfully
Logout Successfully
Login Successfully
Logout Successfully
Browser Closed Successfully]]>
  </system-out>
</testsuite> <!-- testscript.LogInFunctionalTest -->
